{"C:\\ReactJS-Global-Run\\ReactJS-Global-Program\\search-form-app\\src\\SearchForm.jsx": {"path":"C:\\ReactJS-Global-Run\\ReactJS-Global-Program\\search-form-app\\src\\SearchForm.jsx","statementMap":{"0":{"start":{"line":6,"column":8},"end":{"line":6,"column":21}},"1":{"start":{"line":8,"column":8},"end":{"line":10,"column":9}},"2":{"start":{"line":12,"column":8},"end":{"line":12,"column":57}},"3":{"start":{"line":13,"column":8},"end":{"line":13,"column":59}},"4":{"start":{"line":14,"column":8},"end":{"line":14,"column":63}},"5":{"start":{"line":18,"column":8},"end":{"line":18,"column":57}},"6":{"start":{"line":22,"column":8},"end":{"line":24,"column":9}},"7":{"start":{"line":23,"column":12},"end":{"line":23,"column":55}},"8":{"start":{"line":28,"column":8},"end":{"line":28,"column":52}},"9":{"start":{"line":32,"column":8},"end":{"line":45,"column":9}}},"fnMap":{"0":{"name":"(anonymous_0)","decl":{"start":{"line":5,"column":4},"end":{"line":5,"column":5}},"loc":{"start":{"line":5,"column":23},"end":{"line":15,"column":5}},"line":5},"1":{"name":"(anonymous_1)","decl":{"start":{"line":17,"column":4},"end":{"line":17,"column":5}},"loc":{"start":{"line":17,"column":24},"end":{"line":19,"column":5}},"line":17},"2":{"name":"(anonymous_2)","decl":{"start":{"line":21,"column":4},"end":{"line":21,"column":5}},"loc":{"start":{"line":21,"column":25},"end":{"line":25,"column":5}},"line":21},"3":{"name":"(anonymous_3)","decl":{"start":{"line":27,"column":4},"end":{"line":27,"column":5}},"loc":{"start":{"line":27,"column":22},"end":{"line":29,"column":5}},"line":27},"4":{"name":"(anonymous_4)","decl":{"start":{"line":31,"column":4},"end":{"line":31,"column":5}},"loc":{"start":{"line":31,"column":13},"end":{"line":46,"column":5}},"line":31}},"branchMap":{"0":{"loc":{"start":{"line":9,"column":26},"end":{"line":9,"column":55}},"type":"binary-expr","locations":[{"start":{"line":9,"column":26},"end":{"line":9,"column":49}},{"start":{"line":9,"column":53},"end":{"line":9,"column":55}}],"line":9},"1":{"loc":{"start":{"line":22,"column":8},"end":{"line":24,"column":9}},"type":"if","locations":[{"start":{"line":22,"column":8},"end":{"line":24,"column":9}},{"start":{},"end":{}}],"line":22}},"s":{"0":4,"1":4,"2":4,"3":4,"4":4,"5":2,"6":1,"7":1,"8":1,"9":6},"f":{"0":4,"1":2,"2":1,"3":1,"4":6},"b":{"0":[4,3],"1":[1,0]},"_coverageSchema":"1a1c01bbd47fc00a2c39e90264f33305004495a9","hash":"cb4f2de4369aa16dd85f9de87e09cc91c90edef2"}
}
