{"C:\\ReactJS-Global-Run\\ReactJS-Global-Program\\genre-select-app\\src\\GenreSelect.jsx": {"path":"C:\\ReactJS-Global-Run\\ReactJS-Global-Program\\genre-select-app\\src\\GenreSelect.jsx","statementMap":{"0":{"start":{"line":6,"column":8},"end":{"line":6,"column":21}},"1":{"start":{"line":8,"column":8},"end":{"line":8,"column":55}},"2":{"start":{"line":12,"column":8},"end":{"line":12,"column":35}},"3":{"start":{"line":16,"column":40},"end":{"line":16,"column":50}},"4":{"start":{"line":18,"column":8},"end":{"line":39,"column":9}},"5":{"start":{"line":22,"column":24},"end":{"line":35,"column":33}},"6":{"start":{"line":32,"column":43},"end":{"line":32,"column":66}}},"fnMap":{"0":{"name":"(anonymous_0)","decl":{"start":{"line":5,"column":4},"end":{"line":5,"column":5}},"loc":{"start":{"line":5,"column":23},"end":{"line":9,"column":5}},"line":5},"1":{"name":"(anonymous_1)","decl":{"start":{"line":11,"column":4},"end":{"line":11,"column":5}},"loc":{"start":{"line":11,"column":23},"end":{"line":13,"column":5}},"line":11},"2":{"name":"(anonymous_2)","decl":{"start":{"line":15,"column":4},"end":{"line":15,"column":5}},"loc":{"start":{"line":15,"column":13},"end":{"line":40,"column":5}},"line":15},"3":{"name":"(anonymous_3)","decl":{"start":{"line":21,"column":31},"end":{"line":21,"column":32}},"loc":{"start":{"line":22,"column":24},"end":{"line":35,"column":33}},"line":22},"4":{"name":"(anonymous_4)","decl":{"start":{"line":32,"column":37},"end":{"line":32,"column":38}},"loc":{"start":{"line":32,"column":43},"end":{"line":32,"column":66}},"line":32}},"branchMap":{"0":{"loc":{"start":{"line":27,"column":49},"end":{"line":27,"column":96}},"type":"cond-expr","locations":[{"start":{"line":27,"column":75},"end":{"line":27,"column":84}},{"start":{"line":27,"column":87},"end":{"line":27,"column":96}}],"line":27},"1":{"loc":{"start":{"line":28,"column":39},"end":{"line":28,"column":82}},"type":"cond-expr","locations":[{"start":{"line":28,"column":65},"end":{"line":28,"column":72}},{"start":{"line":28,"column":75},"end":{"line":28,"column":82}}],"line":28}},"s":{"0":3,"1":3,"2":1,"3":3,"4":3,"5":15,"6":1},"f":{"0":3,"1":1,"2":3,"3":15,"4":1},"b":{"0":[3,12],"1":[3,12]},"_coverageSchema":"1a1c01bbd47fc00a2c39e90264f33305004495a9","hash":"526ea86ce12b4becca23c6456c6214437a146e77"}
}
