{"C:\\Users\\Pravallika_Kothamasu\\OneDrive - EPAM\\ReactJs-Global-Program\\ReactJS-Global-Program\\counter-app\\src\\Counter.jsx": {"path":"C:\\Users\\Pravallika_Kothamasu\\OneDrive - EPAM\\ReactJs-Global-Program\\ReactJS-Global-Program\\counter-app\\src\\Counter.jsx","statementMap":{"0":{"start":{"line":6,"column":8},"end":{"line":6,"column":21}},"1":{"start":{"line":8,"column":8},"end":{"line":10,"column":10}},"2":{"start":{"line":12,"column":8},"end":{"line":12,"column":69}},"3":{"start":{"line":13,"column":8},"end":{"line":13,"column":70}},"4":{"start":{"line":17,"column":8},"end":{"line":17,"column":53}},"5":{"start":{"line":21,"column":8},"end":{"line":21,"column":53}},"6":{"start":{"line":25,"column":8},"end":{"line":42,"column":10}}},"fnMap":{"0":{"name":"(anonymous_0)","decl":{"start":{"line":5,"column":4},"end":{"line":5,"column":5}},"loc":{"start":{"line":5,"column":23},"end":{"line":14,"column":5}},"line":5},"1":{"name":"(anonymous_1)","decl":{"start":{"line":16,"column":4},"end":{"line":16,"column":5}},"loc":{"start":{"line":16,"column":16},"end":{"line":18,"column":5}},"line":16},"2":{"name":"(anonymous_2)","decl":{"start":{"line":20,"column":4},"end":{"line":20,"column":5}},"loc":{"start":{"line":20,"column":16},"end":{"line":22,"column":5}},"line":20},"3":{"name":"(anonymous_3)","decl":{"start":{"line":24,"column":4},"end":{"line":24,"column":5}},"loc":{"start":{"line":24,"column":13},"end":{"line":43,"column":5}},"line":24}},"branchMap":{},"s":{"0":5,"1":5,"2":5,"3":5,"4":3,"5":2,"6":10},"f":{"0":5,"1":3,"2":2,"3":10},"b":{},"_coverageSchema":"1a1c01bbd47fc00a2c39e90264f33305004495a9","hash":"a84cc00886040f2d819df792bfcec939b58f6356"}
}
